Determining if the pthread_create exist failed with the following output:
Change Dir: /home/amirelah/Projects/dynamic-ips/CplexCPlusPlusDemo-master-2/CMakeFiles/CMakeTmp

Run Build Command:/usr/bin/gmake "cmTryCompileExec2940576960/fast"
/usr/bin/gmake -f CMakeFiles/cmTryCompileExec2940576960.dir/build.make CMakeFiles/cmTryCompileExec2940576960.dir/build
gmake[1]: Entering directory `/home/amirelah/Projects/dynamic-ips/CplexCPlusPlusDemo-master-2/CMakeFiles/CMakeTmp'
/usr/bin/cmake -E cmake_progress_report /home/amirelah/Projects/dynamic-ips/CplexCPlusPlusDemo-master-2/CMakeFiles/CMakeTmp/CMakeFiles 1
Building C object CMakeFiles/cmTryCompileExec2940576960.dir/CheckSymbolExists.c.o
/usr/bin/cc    -o CMakeFiles/cmTryCompileExec2940576960.dir/CheckSymbolExists.c.o   -c /home/amirelah/Projects/dynamic-ips/CplexCPlusPlusDemo-master-2/CMakeFiles/CMakeTmp/CheckSymbolExists.c
Linking C executable cmTryCompileExec2940576960
/usr/bin/cmake -E cmake_link_script CMakeFiles/cmTryCompileExec2940576960.dir/link.txt --verbose=1
/usr/bin/cc       CMakeFiles/cmTryCompileExec2940576960.dir/CheckSymbolExists.c.o  -o cmTryCompileExec2940576960 -rdynamic 
CMakeFiles/cmTryCompileExec2940576960.dir/CheckSymbolExists.c.o: In function `main':
CheckSymbolExists.c:(.text+0x16): undefined reference to `pthread_create'
collect2: error: ld returned 1 exit status
gmake[1]: *** [cmTryCompileExec2940576960] Error 1
gmake[1]: Leaving directory `/home/amirelah/Projects/dynamic-ips/CplexCPlusPlusDemo-master-2/CMakeFiles/CMakeTmp'
gmake: *** [cmTryCompileExec2940576960/fast] Error 2

File /home/amirelah/Projects/dynamic-ips/CplexCPlusPlusDemo-master-2/CMakeFiles/CMakeTmp/CheckSymbolExists.c:
/* */
#include <pthread.h>

int main(int argc, char** argv)
{
  (void)argv;
#ifndef pthread_create
  return ((int*)(&pthread_create))[argc];
#else
  (void)argc;
  return 0;
#endif
}

Determining if the function pthread_create exists in the pthreads failed with the following output:
Change Dir: /home/amirelah/Projects/dynamic-ips/CplexCPlusPlusDemo-master-2/CMakeFiles/CMakeTmp

Run Build Command:/usr/bin/gmake "cmTryCompileExec2251447037/fast"
/usr/bin/gmake -f CMakeFiles/cmTryCompileExec2251447037.dir/build.make CMakeFiles/cmTryCompileExec2251447037.dir/build
gmake[1]: Entering directory `/home/amirelah/Projects/dynamic-ips/CplexCPlusPlusDemo-master-2/CMakeFiles/CMakeTmp'
/usr/bin/cmake -E cmake_progress_report /home/amirelah/Projects/dynamic-ips/CplexCPlusPlusDemo-master-2/CMakeFiles/CMakeTmp/CMakeFiles 1
Building C object CMakeFiles/cmTryCompileExec2251447037.dir/CheckFunctionExists.c.o
/usr/bin/cc   -DCHECK_FUNCTION_EXISTS=pthread_create   -o CMakeFiles/cmTryCompileExec2251447037.dir/CheckFunctionExists.c.o   -c /usr/share/cmake/Modules/CheckFunctionExists.c
Linking C executable cmTryCompileExec2251447037
/usr/bin/cmake -E cmake_link_script CMakeFiles/cmTryCompileExec2251447037.dir/link.txt --verbose=1
/usr/bin/cc   -DCHECK_FUNCTION_EXISTS=pthread_create    CMakeFiles/cmTryCompileExec2251447037.dir/CheckFunctionExists.c.o  -o cmTryCompileExec2251447037 -rdynamic -lpthreads 
/usr/bin/ld: cannot find -lpthreads
collect2: error: ld returned 1 exit status
gmake[1]: *** [cmTryCompileExec2251447037] Error 1
gmake[1]: Leaving directory `/home/amirelah/Projects/dynamic-ips/CplexCPlusPlusDemo-master-2/CMakeFiles/CMakeTmp'
gmake: *** [cmTryCompileExec2251447037/fast] Error 2


